  Application.cpp
\\bournemouth.ac.uk\data\student\home\scitech\s5065617\desktop\physics\physics\pfg-startproject\src\application.h(4): fatal error C1083: Cannot open include file: 'SDL.h': No such file or directory
  Camera.cpp
\\bournemouth.ac.uk\data\student\home\scitech\s5065617\desktop\physics\physics\pfg-startproject\src\camera.h(4): fatal error C1083: Cannot open include file: 'GLM/glm.hpp': No such file or directory
  DynamicObject.cpp
\\bournemouth.ac.uk\data\student\home\scitech\s5065617\desktop\physics\physics\pfg-startproject\src\dynamicobject.cpp(1): fatal error C1083: Cannot open include file: 'GLM/gtc/matrix_transform.hpp': No such file or directory
  GameObject.cpp
\\bournemouth.ac.uk\data\student\home\scitech\s5065617\desktop\physics\physics\pfg-startproject\src\gameobject.cpp(1): fatal error C1083: Cannot open include file: 'GLM/gtc/type_ptr.hpp': No such file or directory
  Input.cpp
\\bournemouth.ac.uk\data\student\home\scitech\s5065617\desktop\physics\physics\pfg-startproject\src\input.h(2): fatal error C1083: Cannot open include file: 'SDL.h': No such file or directory
  KinematicsObjects.cpp
\\bournemouth.ac.uk\data\student\home\scitech\s5065617\desktop\physics\physics\pfg-startproject\src\kinematicsobjects.cpp(1): fatal error C1083: Cannot open include file: 'GLM/gtc/matrix_transform.hpp': No such file or directory
  Main.cpp
\\bournemouth.ac.uk\data\student\home\scitech\s5065617\desktop\physics\physics\pfg-startproject\src\application.h(4): fatal error C1083: Cannot open include file: 'SDL.h': No such file or directory
  Material.cpp
\\bournemouth.ac.uk\data\student\home\scitech\s5065617\desktop\physics\physics\pfg-startproject\src\material.cpp(4): fatal error C1083: Cannot open include file: 'SDL.h': No such file or directory
  Mesh.cpp
\\bournemouth.ac.uk\data\student\home\scitech\s5065617\desktop\physics\physics\pfg-startproject\src\mesh.h(4): fatal error C1083: Cannot open include file: 'glm/glm.hpp': No such file or directory
  Scene.cpp
\\bournemouth.ac.uk\data\student\home\scitech\s5065617\desktop\physics\physics\pfg-startproject\src\mesh.h(4): fatal error C1083: Cannot open include file: 'glm/glm.hpp': No such file or directory
  Generating Code...
